A51 MACRO ASSEMBLER  EXPT_1                                                               10/31/2023 17:18:50 PAGE     1


MACRO ASSEMBLER A51 V8.2.5.0
OBJECT MODULE PLACED IN .\Objects\Expt_1.obj
ASSEMBLER INVOKED BY: C:\Keil_v5\C51\BIN\A51.EXE Expt_1.a51 SET(SMALL) DEBUG PRINT(.\Listings\Expt_1.lst) OBJECT(.\Objec
                      ts\Expt_1.obj) EP

LOC  OBJ            LINE     SOURCE

0000                   1     ORG 00H

0000 7A0A              2             MOV R2,#0AH

0002 7820              3             MOV R0,#20H

0004 7940              4             MOV R1,#40H

0006 E6                5             ARYAn: MOV A,@R0

0007 F7                6             MOV @R1,A

0008 08                7             INC R0

0009 09                8             INC R1

000A DAFA              9             DJNZ R2,ARYAn

                      10     END

A51 MACRO ASSEMBLER  EXPT_1                                                               10/31/2023 17:18:50 PAGE     2

SYMBOL TABLE LISTING
------ ----- -------


N A M E             T Y P E  V A L U E   ATTRIBUTES

ARYAN. . . . . . .  C ADDR   0006H   A   


REGISTER BANK(S) USED: 0 


ASSEMBLY COMPLETE.  0 WARNING(S), 0 ERROR(S)
