C51 COMPILER V9.56.0.0   EXPT_2                                                            10/31/2023 17:33:40 PAGE 1   


C51 COMPILER V9.56.0.0, COMPILATION OF MODULE EXPT_2
OBJECT MODULE PLACED IN .\Objects\Expt_2.obj
COMPILER INVOKED BY: C:\Keil_v5\C51\BIN\C51.EXE Expt_2.c OPTIMIZE(8,SPEED) BROWSE DEBUG OBJECTEXTEND PRINT(.\Listings\Ex
                    -pt_2.lst) TABS(2) OBJECT(.\Objects\Expt_2.obj)

line level    source

   1          #include<reg51.h>
   2          void delay(unsigned int itime);
   3          void main(){
   4   1      unsigned int z;
   5   1        P1=0x01;//0x80 for from p7(left to right)
   6   1        for(z=0;z<9;z++){
   7   2        delay(1000);
   8   2        P1 = P1<<1;//p1>>1 for from p7(left to right)
   9   2          
  10   2        }
  11   1      }
  12          void delay(unsigned int itime)
  13          { int i ,j;
  14   1      for (i=0;i<itime;i++)
  15   1      { for (j=0;j<1275;j++);
  16   2      }
  17   1      }


MODULE INFORMATION:   STATIC OVERLAYABLE
   CODE SIZE        =     71    ----
   CONSTANT SIZE    =   ----    ----
   XDATA SIZE       =   ----    ----
   PDATA SIZE       =   ----    ----
   DATA SIZE        =   ----       2
   IDATA SIZE       =   ----    ----
   BIT SIZE         =   ----    ----
END OF MODULE INFORMATION.


C51 COMPILATION COMPLETE.  0 WARNING(S),  0 ERROR(S)
