C51 COMPILER V9.56.0.0   HEX                                                               10/31/2023 17:33:52 PAGE 1   


C51 COMPILER V9.56.0.0, COMPILATION OF MODULE HEX
OBJECT MODULE PLACED IN .\Objects\hex.obj
COMPILER INVOKED BY: C:\Keil_v5\C51\BIN\C51.EXE hex.c OPTIMIZE(8,SPEED) BROWSE DEBUG OBJECTEXTEND PRINT(.\Listings\hex.l
                    -st) TABS(2) OBJECT(.\Objects\hex.obj)

line level    source

   1          //2-digit HEX
   2          #include<reg51.h>
   3          void msdelay(unsigned int itime);
   4          void main(){
   5   1      unsigned int i;
   6   1        for(i=0;i<=255;i++){
   7   2        P1=i;
   8   2          msdelay(250);
   9   2        }
  10   1      }
  11          void msdelay(unsigned int itime)
  12          { int i ,j;
  13   1      for (i=0;i<itime;i++)
  14   1      { for (j=0;j<1275;j++);
  15   2      }
  16   1      }


MODULE INFORMATION:   STATIC OVERLAYABLE
   CODE SIZE        =     65    ----
   CONSTANT SIZE    =   ----    ----
   XDATA SIZE       =   ----    ----
   PDATA SIZE       =   ----    ----
   DATA SIZE        =   ----       2
   IDATA SIZE       =   ----    ----
   BIT SIZE         =   ----    ----
END OF MODULE INFORMATION.


C51 COMPILATION COMPLETE.  0 WARNING(S),  0 ERROR(S)
