C51 COMPILER V9.56.0.0   TRIANGLE_WAVE                                                     10/31/2023 17:36:49 PAGE 1   


C51 COMPILER V9.56.0.0, COMPILATION OF MODULE TRIANGLE_WAVE
OBJECT MODULE PLACED IN .\Objects\triangle_wave.obj
COMPILER INVOKED BY: C:\Keil_v5\C51\BIN\C51.EXE triangle_wave.c OPTIMIZE(8,SPEED) BROWSE DEBUG OBJECTEXTEND PRINT(.\List
                    -ings\triangle_wave.lst) TABS(2) OBJECT(.\Objects\triangle_wave.obj)

line level    source

   1          #include<reg51.h>
   2          void msdelay(unsigned int itime);
   3          void main(void)
   4          { 
   5   1        unsigned int i;
   6   1        while(1){
   7   2         for (i=0;i<255;i++){
   8   3          P1=i;
   9   3          msdelay(30);
  10   3        }
  11   2        for(i=255;i>0;i--){
  12   3         P1=i;
  13   3          msdelay(30);
  14   3        }
  15   2       }
  16   1      }
  17          void msdelay(unsigned int itime)
  18          { 
  19   1        int i ,j;
  20   1        for (i=0;i<itime;i++)
  21   1        { 
  22   2          for (j=0;j<1275;j++);
  23   2        }
  24   1      }


MODULE INFORMATION:   STATIC OVERLAYABLE
   CODE SIZE        =     94    ----
   CONSTANT SIZE    =   ----    ----
   XDATA SIZE       =   ----    ----
   PDATA SIZE       =   ----    ----
   DATA SIZE        =   ----       2
   IDATA SIZE       =   ----    ----
   BIT SIZE         =   ----    ----
END OF MODULE INFORMATION.


C51 COMPILATION COMPLETE.  0 WARNING(S),  0 ERROR(S)
